<?xml version="1.0" encoding="UTF-8"?>
<!-- Generated by org.testng.reporters.JUnitReportReporter -->
<testsuite hostname="Idas-MacBook-Air.local" name="se.nrm.dina.data.util.UtilNGTest" tests="17" failures="0" timestamp="22 Jan 2016 18:18:27 GMT" time="0.232" errors="0">
  <testcase name="testFailedCreateNewInstance" time="0.002" classname="se.nrm.dina.data.util.UtilNGTest"/>
  <testcase name="testGetIDFieldName_EntityBean" time="0.084" classname="se.nrm.dina.data.util.UtilNGTest"/>
  <testcase name="testCreateNewInstance" time="0.001" classname="se.nrm.dina.data.util.UtilNGTest"/>
  <testcase name="testReformClassName" time="0.000" classname="se.nrm.dina.data.util.UtilNGTest"/>
  <testcase name="testIsEntity" time="0.002" classname="se.nrm.dina.data.util.UtilNGTest"/>
  <testcase name="testInvalidateEntityName" time="0.002" classname="se.nrm.dina.data.util.UtilNGTest"/>
  <testcase name="testMaxLimit" time="0.001" classname="se.nrm.dina.data.util.UtilNGTest"/>
  <testcase name="testGetIDFieldName_String" time="0.001" classname="se.nrm.dina.data.util.UtilNGTest"/>
  <testcase name="testIsIntField" time="0.044" classname="se.nrm.dina.data.util.UtilNGTest"/>
  <testcase name="testGetEntity" time="0.038" classname="se.nrm.dina.data.util.UtilNGTest"/>
  <testcase name="testIsCollection" time="0.002" classname="se.nrm.dina.data.util.UtilNGTest"/>
  <testcase name="testValidateFields" time="0.001" classname="se.nrm.dina.data.util.UtilNGTest"/>
  <testcase name="testValidateEntityName" time="0.001" classname="se.nrm.dina.data.util.UtilNGTest"/>
  <testcase name="testIsFieldsValid" time="0.009" classname="se.nrm.dina.data.util.UtilNGTest"/>
  <testcase name="testConvertClassNameToClass" time="0.042" classname="se.nrm.dina.data.util.UtilNGTest"/>
  <testcase name="testIsFieldsValidFailed" time="0.001" classname="se.nrm.dina.data.util.UtilNGTest"/>
  <testcase name="testGetInstance" time="0.001" classname="se.nrm.dina.data.util.UtilNGTest"/>
</testsuite> <!-- se.nrm.dina.data.util.UtilNGTest -->
