<?xml version="1.0" encoding="UTF-8"?>
<!-- Generated by org.testng.reporters.JUnitReportReporter -->
<testsuite hostname="Idas-MacBook-Air.local" name="se.nrm.dina.data.exceptions.ErrorMsgNGTest" tests="2" failures="0" timestamp="21 Apr 2016 13:03:08 GMT" time="0.007" errors="0">
  <testcase name="testGetInstance" time="0.005" classname="se.nrm.dina.data.exceptions.ErrorMsgNGTest"/>
  <testcase name="testGetEntityNameErrorMsg" time="0.002" classname="se.nrm.dina.data.exceptions.ErrorMsgNGTest"/>
</testsuite> <!-- se.nrm.dina.data.exceptions.ErrorMsgNGTest -->
