<?xml version="1.0" encoding="UTF-8"?>
<!-- Generated by org.testng.reporters.JUnitReportReporter -->
<testsuite hostname="Idas-MacBook-Air.local" name="se.nrm.dina.data.util.NamedQueriesNGTest" tests="5" failures="0" timestamp="23 Jan 2016 15:50:39 GMT" time="0.488" errors="0">
  <testcase name="testCreateQueryFindAllWithSearchCriteria2" time="0.003" classname="se.nrm.dina.data.util.NamedQueriesNGTest"/>
  <testcase name="testGetInstance" time="0.000" classname="se.nrm.dina.data.util.NamedQueriesNGTest"/>
  <testcase name="testCreateQueryFindAllWithSearchCriteria" time="0.481" classname="se.nrm.dina.data.util.NamedQueriesNGTest"/>
  <testcase name="testCreateQueryFindAllWithSearchCriteria1" time="0.003" classname="se.nrm.dina.data.util.NamedQueriesNGTest"/>
  <testcase name="testCreateQueryFindAllWithSearchCriteria3" time="0.001" classname="se.nrm.dina.data.util.NamedQueriesNGTest"/>
</testsuite> <!-- se.nrm.dina.data.util.NamedQueriesNGTest -->
