<?xml version="1.0" encoding="UTF-8"?>
<!-- Generated by org.testng.reporters.JUnitReportReporter -->
<testsuite hostname="Idas-MacBook-Air.local" name="se.nrm.dina.data.exceptions.ErrorMsgNGTest" tests="2" failures="0" timestamp="10 Feb 2016 16:35:32 GMT" time="0.002" errors="0">
  <testcase name="testGetInstance" time="0.000" classname="se.nrm.dina.data.exceptions.ErrorMsgNGTest"/>
  <testcase name="testGetEntityNameErrorMsg" time="0.002" classname="se.nrm.dina.data.exceptions.ErrorMsgNGTest"/>
</testsuite> <!-- se.nrm.dina.data.exceptions.ErrorMsgNGTest -->
