<?xml version="1.0" encoding="UTF-8"?>
<!-- Generated by org.testng.reporters.JUnitReportReporter -->
<testsuite hostname="Idas-MacBook-Air.local" name="se.nrm.dina.data.exceptions.ErrorMsgNGTest" tests="2" failures="0" timestamp="9 Feb 2016 11:42:59 GMT" time="0.004" errors="0">
  <testcase name="testGetInstance" time="0.001" classname="se.nrm.dina.data.exceptions.ErrorMsgNGTest"/>
  <testcase name="testGetEntityNameErrorMsg" time="0.003" classname="se.nrm.dina.data.exceptions.ErrorMsgNGTest"/>
</testsuite> <!-- se.nrm.dina.data.exceptions.ErrorMsgNGTest -->
