<?xml version="1.0" encoding="UTF-8"?>
<!-- Generated by org.testng.reporters.JUnitReportReporter -->
<testsuite hostname="Idas-MacBook-Air.local" name="se.nrm.dina.data.util.NamedQueriesNGTest" tests="8" failures="0" timestamp="26 Jan 2016 10:13:10 GMT" time="0.184" errors="0">
  <testcase name="testGetInstance" time="0.000" classname="se.nrm.dina.data.util.NamedQueriesNGTest"/>
  <testcase name="testCreateQueryFindAllWithSearchCriteria" time="0.163" classname="se.nrm.dina.data.util.NamedQueriesNGTest"/>
  <testcase name="testCreateQueryFindAllWithSearchCriteria6" time="0.014" classname="se.nrm.dina.data.util.NamedQueriesNGTest"/>
  <testcase name="testCreateQueryFindAllWithSearchCriteria1" time="0.003" classname="se.nrm.dina.data.util.NamedQueriesNGTest"/>
  <testcase name="testCreateQueryFindAllWithSearchCriteria3" time="0.001" classname="se.nrm.dina.data.util.NamedQueriesNGTest"/>
  <testcase name="testCreateQueryFindAllWithSearchCriteria2" time="0.001" classname="se.nrm.dina.data.util.NamedQueriesNGTest"/>
  <testcase name="testCreateQueryFindAllWithSearchCriteria4" time="0.001" classname="se.nrm.dina.data.util.NamedQueriesNGTest"/>
  <testcase name="testCreateQueryFindAllWithSearchCriteria5" time="0.001" classname="se.nrm.dina.data.util.NamedQueriesNGTest"/>
</testsuite> <!-- se.nrm.dina.data.util.NamedQueriesNGTest -->
