<?xml version="1.0" encoding="UTF-8"?>
<!-- Generated by org.testng.reporters.JUnitReportReporter -->
<testsuite hostname="Idas-MacBook-Air.local" name="se.nrm.dina.data.exceptions.ErrorMsgNGTest" tests="2" failures="0" timestamp="2 Mar 2016 11:02:35 GMT" time="0.001" errors="0">
  <testcase name="testGetEntityNameErrorMsg" time="0.001" classname="se.nrm.dina.data.exceptions.ErrorMsgNGTest"/>
  <testcase name="testGetInstance" time="0.000" classname="se.nrm.dina.data.exceptions.ErrorMsgNGTest"/>
</testsuite> <!-- se.nrm.dina.data.exceptions.ErrorMsgNGTest -->
