<?xml version="1.0" encoding="UTF-8"?>
<!-- Generated by org.testng.reporters.JUnitReportReporter -->
<testsuite hostname="Idas-MacBook-Air.local" name="se.nrm.dina.data.util.NamedQueriesNGTest" tests="8" failures="0" timestamp="23 Jan 2016 16:08:23 GMT" time="0.406" errors="0">
  <testcase name="testCreateQueryFindAllWithSearchCriteria4" time="0.000" classname="se.nrm.dina.data.util.NamedQueriesNGTest"/>
  <testcase name="testCreateQueryFindAllWithSearchCriteria" time="0.358" classname="se.nrm.dina.data.util.NamedQueriesNGTest"/>
  <testcase name="testGetInstance" time="0.001" classname="se.nrm.dina.data.util.NamedQueriesNGTest"/>
  <testcase name="testCreateQueryFindAllWithSearchCriteria5" time="0.001" classname="se.nrm.dina.data.util.NamedQueriesNGTest"/>
  <testcase name="testCreateQueryFindAllWithSearchCriteria6" time="0.042" classname="se.nrm.dina.data.util.NamedQueriesNGTest"/>
  <testcase name="testCreateQueryFindAllWithSearchCriteria1" time="0.001" classname="se.nrm.dina.data.util.NamedQueriesNGTest"/>
  <testcase name="testCreateQueryFindAllWithSearchCriteria3" time="0.001" classname="se.nrm.dina.data.util.NamedQueriesNGTest"/>
  <testcase name="testCreateQueryFindAllWithSearchCriteria2" time="0.002" classname="se.nrm.dina.data.util.NamedQueriesNGTest"/>
</testsuite> <!-- se.nrm.dina.data.util.NamedQueriesNGTest -->
