<?xml version="1.0" encoding="UTF-8"?>
<!-- Generated by org.testng.reporters.JUnitReportReporter -->
<testsuite hostname="Idas-MacBook-Air.local" name="se.nrm.dina.data.exceptions.ErrorMsgNGTest" tests="2" failures="0" timestamp="17 Feb 2016 10:16:30 GMT" time="0.005" errors="0">
  <testcase name="testGetEntityNameErrorMsg" time="0.004" classname="se.nrm.dina.data.exceptions.ErrorMsgNGTest"/>
  <testcase name="testGetInstance" time="0.001" classname="se.nrm.dina.data.exceptions.ErrorMsgNGTest"/>
</testsuite> <!-- se.nrm.dina.data.exceptions.ErrorMsgNGTest -->
