<?xml version="1.0" encoding="UTF-8"?>
<testsuite name="se.nrm.dina.data.util.UtilNGTest" time="0.133" tests="25" errors="0" skipped="0" failures="0">
  <properties>
    <property name="java.runtime.name" value="Java(TM) SE Runtime Environment"/>
    <property name="sun.boot.library.path" value="/Library/Java/JavaVirtualMachines/jdk1.8.0_25.jdk/Contents/Home/jre/lib"/>
    <property name="java.vm.version" value="25.25-b02"/>
    <property name="user.country.format" value="SE"/>
    <property name="gopherProxySet" value="false"/>
    <property name="java.vm.vendor" value="Oracle Corporation"/>
    <property name="java.vendor.url" value="http://java.oracle.com/"/>
    <property name="path.separator" value=":"/>
    <property name="guice.disable.misplaced.annotation.check" value="true"/>
    <property name="java.vm.name" value="Java HotSpot(TM) 64-Bit Server VM"/>
    <property name="file.encoding.pkg" value="sun.io"/>
    <property name="user.country" value="US"/>
    <property name="sun.java.launcher" value="SUN_STANDARD"/>
    <property name="sun.os.patch.level" value="unknown"/>
    <property name="test" value="se.nrm.dina.data.util.UtilNGTest"/>
    <property name="java.vm.specification.name" value="Java Virtual Machine Specification"/>
    <property name="user.dir" value="/Users/idali/netbeansprojects/dinaproject/dina-web/dina-data-jpa"/>
    <property name="java.runtime.version" value="1.8.0_25-b17"/>
    <property name="java.awt.graphicsenv" value="sun.awt.CGraphicsEnvironment"/>
    <property name="java.endorsed.dirs" value="/Library/Java/JavaVirtualMachines/jdk1.8.0_25.jdk/Contents/Home/jre/lib/endorsed"/>
    <property name="os.arch" value="x86_64"/>
    <property name="java.io.tmpdir" value="/var/folders/sj/dpslzft97ydfdmwsj4669rjh0000gn/T/"/>
    <property name="line.separator" value="&#10;"/>
    <property name="java.vm.specification.vendor" value="Oracle Corporation"/>
    <property name="os.name" value="Mac OS X"/>
    <property name="maven.ext.class.path" value="/Applications/NetBeans/NetBeans 8.0.2.app/Contents/Resources/NetBeans/java/maven-nblib/netbeans-eventspy.jar:/Applications/NetBeans/NetBeans 8.0.2.app/Contents/Resources/NetBeans/java/maven-nblib/netbeans-cos.jar"/>
    <property name="classworlds.conf" value="/Applications/NetBeans/NetBeans 8.0.2.app/Contents/Resources/NetBeans/java/maven/bin/m2.conf"/>
    <property name="sun.jnu.encoding" value="UTF-8"/>
    <property name="java.library.path" value="/Applications/NetBeans/NetBeans 8.0.2.app/Contents/Resources/NetBeans/webcommon/bin::/Users/idali/Library/Java/Extensions:/Library/Java/Extensions:/Network/Library/Java/Extensions:/System/Library/Java/Extensions:/usr/lib/java:."/>
    <property name="java.specification.name" value="Java Platform API Specification"/>
    <property name="java.class.version" value="52.0"/>
    <property name="sun.management.compiler" value="HotSpot 64-Bit Tiered Compilers"/>
    <property name="os.version" value="10.10.5"/>
    <property name="http.nonProxyHosts" value="local|*.local|169.254/16|*.169.254/16"/>
    <property name="user.home" value="/Users/idali"/>
    <property name="user.timezone" value="Europe/Stockholm"/>
    <property name="java.awt.printerjob" value="sun.lwawt.macosx.CPrinterJob"/>
    <property name="java.specification.version" value="1.8"/>
    <property name="file.encoding" value="UTF-8"/>
    <property name="user.name" value="idali"/>
    <property name="java.class.path" value="/Applications/NetBeans/NetBeans 8.0.2.app/Contents/Resources/NetBeans/java/maven/boot/plexus-classworlds-2.4.jar"/>
    <property name="java.vm.specification.version" value="1.8"/>
    <property name="sun.arch.data.model" value="64"/>
    <property name="java.home" value="/Library/Java/JavaVirtualMachines/jdk1.8.0_25.jdk/Contents/Home/jre"/>
    <property name="sun.java.command" value="org.codehaus.plexus.classworlds.launcher.Launcher -Dtest=se.nrm.dina.data.util.UtilNGTest -Dmaven.ext.class.path=/Applications/NetBeans/NetBeans 8.0.2.app/Contents/Resources/NetBeans/java/maven-nblib/netbeans-eventspy.jar:/Applications/NetBeans/NetBeans 8.0.2.app/Contents/Resources/NetBeans/java/maven-nblib/netbeans-cos.jar surefire:test"/>
    <property name="java.specification.vendor" value="Oracle Corporation"/>
    <property name="user.language" value="en"/>
    <property name="awt.toolkit" value="sun.lwawt.macosx.LWCToolkit"/>
    <property name="java.vm.info" value="mixed mode"/>
    <property name="java.version" value="1.8.0_25"/>
    <property name="java.ext.dirs" value="/Users/idali/Library/Java/Extensions:/Library/Java/JavaVirtualMachines/jdk1.8.0_25.jdk/Contents/Home/jre/lib/ext:/Library/Java/Extensions:/Network/Library/Java/Extensions:/System/Library/Java/Extensions:/usr/lib/java"/>
    <property name="sun.boot.class.path" value="/Library/Java/JavaVirtualMachines/jdk1.8.0_25.jdk/Contents/Home/jre/lib/resources.jar:/Library/Java/JavaVirtualMachines/jdk1.8.0_25.jdk/Contents/Home/jre/lib/rt.jar:/Library/Java/JavaVirtualMachines/jdk1.8.0_25.jdk/Contents/Home/jre/lib/sunrsasign.jar:/Library/Java/JavaVirtualMachines/jdk1.8.0_25.jdk/Contents/Home/jre/lib/jsse.jar:/Library/Java/JavaVirtualMachines/jdk1.8.0_25.jdk/Contents/Home/jre/lib/jce.jar:/Library/Java/JavaVirtualMachines/jdk1.8.0_25.jdk/Contents/Home/jre/lib/charsets.jar:/Library/Java/JavaVirtualMachines/jdk1.8.0_25.jdk/Contents/Home/jre/lib/jfr.jar:/Library/Java/JavaVirtualMachines/jdk1.8.0_25.jdk/Contents/Home/jre/classes"/>
    <property name="java.vendor" value="Oracle Corporation"/>
    <property name="maven.home" value="/Applications/NetBeans/NetBeans 8.0.2.app/Contents/Resources/NetBeans/java/maven"/>
    <property name="file.separator" value="/"/>
    <property name="java.vendor.url.bug" value="http://bugreport.sun.com/bugreport/"/>
    <property name="sun.cpu.endian" value="little"/>
    <property name="sun.io.unicode.encoding" value="UnicodeBig"/>
    <property name="socksNonProxyHosts" value="local|*.local|169.254/16|*.169.254/16"/>
    <property name="ftp.nonProxyHosts" value="local|*.local|169.254/16|*.169.254/16"/>
    <property name="sun.cpu.isalist" value=""/>
  </properties>
  <testcase name="testGetInstance on testGetInstance(se.nrm.dina.data.util.UtilNGTest)" classname="se.nrm.dina.data.util.UtilNGTest" time="0.013"/>
  <testcase name="testConvertClassNameToClass on testConvertClassNameToClass(se.nrm.dina.data.util.UtilNGTest)" classname="se.nrm.dina.data.util.UtilNGTest" time="0.004"/>
  <testcase name="testConvertClassNameToClassException on testConvertClassNameToClassException(se.nrm.dina.data.util.UtilNGTest)" classname="se.nrm.dina.data.util.UtilNGTest" time="0.002"/>
  <testcase name="testReformClassName on testReformClassName(se.nrm.dina.data.util.UtilNGTest)" classname="se.nrm.dina.data.util.UtilNGTest" time="0"/>
  <testcase name="testReformClassNameEmptyName on testReformClassNameEmptyName(se.nrm.dina.data.util.UtilNGTest)" classname="se.nrm.dina.data.util.UtilNGTest" time="0"/>
  <testcase name="testCreateNewInstance on testCreateNewInstance(se.nrm.dina.data.util.UtilNGTest)" classname="se.nrm.dina.data.util.UtilNGTest" time="0.001"/>
  <testcase name="testFailedCreateNewInstance on testFailedCreateNewInstance(se.nrm.dina.data.util.UtilNGTest)" classname="se.nrm.dina.data.util.UtilNGTest" time="0.001"/>
  <testcase name="testValidateEntityName on testValidateEntityName(se.nrm.dina.data.util.UtilNGTest)" classname="se.nrm.dina.data.util.UtilNGTest" time="0"/>
  <testcase name="testInvalidateEntityName on testInvalidateEntityName(se.nrm.dina.data.util.UtilNGTest)" classname="se.nrm.dina.data.util.UtilNGTest" time="0.001"/>
  <testcase name="testIsFieldsValid on testIsFieldsValid(se.nrm.dina.data.util.UtilNGTest)" classname="se.nrm.dina.data.util.UtilNGTest" time="0.057"/>
  <testcase name="testIsFieldsValidFailed on testIsFieldsValidFailed(se.nrm.dina.data.util.UtilNGTest)" classname="se.nrm.dina.data.util.UtilNGTest" time="0.001"/>
  <testcase name="testIsFieldsValidFailedExpected on testIsFieldsValidFailedExpected(se.nrm.dina.data.util.UtilNGTest)" classname="se.nrm.dina.data.util.UtilNGTest" time="0.002"/>
  <testcase name="testIsIntField on testIsIntField(se.nrm.dina.data.util.UtilNGTest)" classname="se.nrm.dina.data.util.UtilNGTest" time="0.015"/>
  <testcase name="testIsIntFieldFalse on testIsIntFieldFalse(se.nrm.dina.data.util.UtilNGTest)" classname="se.nrm.dina.data.util.UtilNGTest" time="0.001"/>
  <testcase name="testIsIntegerFieldException on testIsIntegerFieldException(se.nrm.dina.data.util.UtilNGTest)" classname="se.nrm.dina.data.util.UtilNGTest" time="0.003"/>
  <testcase name="testIsIntegerField on testIsIntegerField(se.nrm.dina.data.util.UtilNGTest)" classname="se.nrm.dina.data.util.UtilNGTest" time="0.003"/>
  <testcase name="testIsEntity on testIsEntity(se.nrm.dina.data.util.UtilNGTest)" classname="se.nrm.dina.data.util.UtilNGTest" time="0"/>
  <testcase name="testIsEntityFalse on testIsEntityFalse(se.nrm.dina.data.util.UtilNGTest)" classname="se.nrm.dina.data.util.UtilNGTest" time="0.001"/>
  <testcase name="testIsEntityFalseException on testIsEntityFalseException(se.nrm.dina.data.util.UtilNGTest)" classname="se.nrm.dina.data.util.UtilNGTest" time="0.001"/>
  <testcase name="testIsCollection on testIsCollection(se.nrm.dina.data.util.UtilNGTest)" classname="se.nrm.dina.data.util.UtilNGTest" time="0.001"/>
  <testcase name="testGetEntity on testGetEntity(se.nrm.dina.data.util.UtilNGTest)" classname="se.nrm.dina.data.util.UtilNGTest" time="0.001"/>
  <testcase name="testValidateFields on testValidateFields(se.nrm.dina.data.util.UtilNGTest)" classname="se.nrm.dina.data.util.UtilNGTest" time="0.001"/>
  <testcase name="testGetIDFieldName_EntityBean on testGetIDFieldName_EntityBean(se.nrm.dina.data.util.UtilNGTest)" classname="se.nrm.dina.data.util.UtilNGTest" time="0.021"/>
  <testcase name="testGetIDFieldName_String on testGetIDFieldName_String(se.nrm.dina.data.util.UtilNGTest)" classname="se.nrm.dina.data.util.UtilNGTest" time="0.001"/>
  <testcase name="testMaxLimit on testMaxLimit(se.nrm.dina.data.util.UtilNGTest)" classname="se.nrm.dina.data.util.UtilNGTest" time="0.002"/>
</testsuite>