<?xml version="1.0" encoding="UTF-8"?>
<testsuite xmlns:xsi="http://www.w3.org/2001/XMLSchema-instance" xsi:schemaLocation="https://maven.apache.org/surefire/maven-surefire-plugin/xsd/surefire-test-report.xsd" name="TestSuite" time="7.341" tests="98" errors="0" skipped="0" failures="0">
  <properties>
    <property name="java.runtime.name" value="Java(TM) SE Runtime Environment"/>
    <property name="sun.boot.library.path" value="/Library/Java/JavaVirtualMachines/jdk1.8.0_25.jdk/Contents/Home/jre/lib"/>
    <property name="java.vm.version" value="25.25-b02"/>
    <property name="user.country.format" value="SE"/>
    <property name="gopherProxySet" value="false"/>
    <property name="java.vm.vendor" value="Oracle Corporation"/>
    <property name="java.vendor.url" value="http://java.oracle.com/"/>
    <property name="path.separator" value=":"/>
    <property name="guice.disable.misplaced.annotation.check" value="true"/>
    <property name="java.vm.name" value="Java HotSpot(TM) 64-Bit Server VM"/>
    <property name="file.encoding.pkg" value="sun.io"/>
    <property name="user.country" value="US"/>
    <property name="sun.java.launcher" value="SUN_STANDARD"/>
    <property name="sun.os.patch.level" value="unknown"/>
    <property name="java.vm.specification.name" value="Java Virtual Machine Specification"/>
    <property name="user.dir" value="/Users/idali/netbeansprojects/dinaproject/dina-web"/>
    <property name="java.runtime.version" value="1.8.0_25-b17"/>
    <property name="java.awt.graphicsenv" value="sun.awt.CGraphicsEnvironment"/>
    <property name="java.endorsed.dirs" value="/Library/Java/JavaVirtualMachines/jdk1.8.0_25.jdk/Contents/Home/jre/lib/endorsed"/>
    <property name="os.arch" value="x86_64"/>
    <property name="java.io.tmpdir" value="/var/folders/sj/dpslzft97ydfdmwsj4669rjh0000gn/T/"/>
    <property name="line.separator" value="&#10;"/>
    <property name="java.vm.specification.vendor" value="Oracle Corporation"/>
    <property name="os.name" value="Mac OS X"/>
    <property name="maven.ext.class.path" value="/Applications/NetBeans/NetBeans 8.0.2.app/Contents/Resources/NetBeans/java/maven-nblib/netbeans-eventspy.jar"/>
    <property name="classworlds.conf" value="/Applications/NetBeans/NetBeans 8.0.2.app/Contents/Resources/NetBeans/java/maven/bin/m2.conf"/>
    <property name="sun.jnu.encoding" value="UTF-8"/>
    <property name="java.library.path" value="/Applications/NetBeans/NetBeans 8.0.2.app/Contents/Resources/NetBeans/webcommon/bin::/Users/idali/Library/Java/Extensions:/Library/Java/Extensions:/Network/Library/Java/Extensions:/System/Library/Java/Extensions:/usr/lib/java:."/>
    <property name="java.specification.name" value="Java Platform API Specification"/>
    <property name="java.class.version" value="52.0"/>
    <property name="sun.management.compiler" value="HotSpot 64-Bit Tiered Compilers"/>
    <property name="os.version" value="10.10.5"/>
    <property name="http.nonProxyHosts" value="local|*.local|169.254/16|*.169.254/16"/>
    <property name="user.home" value="/Users/idali"/>
    <property name="user.timezone" value="Europe/Stockholm"/>
    <property name="java.awt.printerjob" value="sun.lwawt.macosx.CPrinterJob"/>
    <property name="java.specification.version" value="1.8"/>
    <property name="file.encoding" value="UTF-8"/>
    <property name="user.name" value="idali"/>
    <property name="java.class.path" value="/Applications/NetBeans/NetBeans 8.0.2.app/Contents/Resources/NetBeans/java/maven/boot/plexus-classworlds-2.4.jar"/>
    <property name="java.vm.specification.version" value="1.8"/>
    <property name="sun.arch.data.model" value="64"/>
    <property name="java.home" value="/Library/Java/JavaVirtualMachines/jdk1.8.0_25.jdk/Contents/Home/jre"/>
    <property name="sun.java.command" value="org.codehaus.plexus.classworlds.launcher.Launcher -Dmaven.ext.class.path=/Applications/NetBeans/NetBeans 8.0.2.app/Contents/Resources/NetBeans/java/maven-nblib/netbeans-eventspy.jar clean install"/>
    <property name="java.specification.vendor" value="Oracle Corporation"/>
    <property name="user.language" value="en"/>
    <property name="awt.toolkit" value="sun.lwawt.macosx.LWCToolkit"/>
    <property name="java.vm.info" value="mixed mode"/>
    <property name="java.version" value="1.8.0_25"/>
    <property name="java.ext.dirs" value="/Users/idali/Library/Java/Extensions:/Library/Java/JavaVirtualMachines/jdk1.8.0_25.jdk/Contents/Home/jre/lib/ext:/Library/Java/Extensions:/Network/Library/Java/Extensions:/System/Library/Java/Extensions:/usr/lib/java"/>
    <property name="sun.boot.class.path" value="/Library/Java/JavaVirtualMachines/jdk1.8.0_25.jdk/Contents/Home/jre/lib/resources.jar:/Library/Java/JavaVirtualMachines/jdk1.8.0_25.jdk/Contents/Home/jre/lib/rt.jar:/Library/Java/JavaVirtualMachines/jdk1.8.0_25.jdk/Contents/Home/jre/lib/sunrsasign.jar:/Library/Java/JavaVirtualMachines/jdk1.8.0_25.jdk/Contents/Home/jre/lib/jsse.jar:/Library/Java/JavaVirtualMachines/jdk1.8.0_25.jdk/Contents/Home/jre/lib/jce.jar:/Library/Java/JavaVirtualMachines/jdk1.8.0_25.jdk/Contents/Home/jre/lib/charsets.jar:/Library/Java/JavaVirtualMachines/jdk1.8.0_25.jdk/Contents/Home/jre/lib/jfr.jar:/Library/Java/JavaVirtualMachines/jdk1.8.0_25.jdk/Contents/Home/jre/classes"/>
    <property name="java.vendor" value="Oracle Corporation"/>
    <property name="maven.home" value="/Applications/NetBeans/NetBeans 8.0.2.app/Contents/Resources/NetBeans/java/maven"/>
    <property name="file.separator" value="/"/>
    <property name="java.vendor.url.bug" value="http://bugreport.sun.com/bugreport/"/>
    <property name="sun.cpu.endian" value="little"/>
    <property name="sun.io.unicode.encoding" value="UnicodeBig"/>
    <property name="socksNonProxyHosts" value="local|*.local|169.254/16|*.169.254/16"/>
    <property name="ftp.nonProxyHosts" value="local|*.local|169.254/16|*.169.254/16"/>
    <property name="sun.cpu.isalist" value=""/>
  </properties>
  <testcase name="testDinaExceptionConstruct" classname="se.nrm.dina.data.exceptions.DinaExceptionNGTest" time="0.037"/>
  <testcase name="testDinaExceptionConstructWithMsg" classname="se.nrm.dina.data.exceptions.DinaExceptionNGTest" time="0"/>
  <testcase name="testDinaExceptionConstructWithMsgAndErrorCode" classname="se.nrm.dina.data.exceptions.DinaExceptionNGTest" time="0"/>
  <testcase name="testGetErrorCode" classname="se.nrm.dina.data.exceptions.DinaExceptionNGTest" time="0.001"/>
  <testcase name="testGetEntityNameErrorMsg" classname="se.nrm.dina.data.exceptions.ErrorMsgNGTest" time="0.001"/>
  <testcase name="testGetInstance" classname="se.nrm.dina.data.exceptions.ErrorMsgNGTest" time="0"/>
  <testcase name="testCreateQueryFindAllWithSearchCriteria" classname="se.nrm.dina.data.util.NamedQueriesNGTest" time="0.182"/>
  <testcase name="testCreateQueryFindAllWithSearchCriteria1" classname="se.nrm.dina.data.util.NamedQueriesNGTest" time="0.001"/>
  <testcase name="testCreateQueryFindAllWithSearchCriteria2" classname="se.nrm.dina.data.util.NamedQueriesNGTest" time="0"/>
  <testcase name="testCreateQueryFindAllWithSearchCriteria3" classname="se.nrm.dina.data.util.NamedQueriesNGTest" time="0"/>
  <testcase name="testCreateQueryFindAllWithSearchCriteria4" classname="se.nrm.dina.data.util.NamedQueriesNGTest" time="0.001"/>
  <testcase name="testCreateQueryFindAllWithSearchCriteria5" classname="se.nrm.dina.data.util.NamedQueriesNGTest" time="0.001"/>
  <testcase name="testCreateQueryFindAllWithSearchCriteria6" classname="se.nrm.dina.data.util.NamedQueriesNGTest" time="0.009"/>
  <testcase name="testGetInstance" classname="se.nrm.dina.data.util.NamedQueriesNGTest" time="0"/>
  <testcase name="testDinaDaoImplConstractor on testDinaDaoImplConstractor(se.nrm.dina.data.jpa.DinaDaoImplTest)" classname="se.nrm.dina.data.jpa.DinaDaoImplTest" time="0.358"/>
  <testcase name="testFindAll on testFindAll(se.nrm.dina.data.jpa.DinaDaoImplTest)" classname="se.nrm.dina.data.jpa.DinaDaoImplTest" time="0.057"/>
  <testcase name="testFindAllWithConditionsException on testFindAllWithConditionsException(se.nrm.dina.data.jpa.DinaDaoImplTest)" classname="se.nrm.dina.data.jpa.DinaDaoImplTest" time="0.008"/>
  <testcase name="testFindAllWithConditions1 on testFindAllWithConditions1(se.nrm.dina.data.jpa.DinaDaoImplTest)" classname="se.nrm.dina.data.jpa.DinaDaoImplTest" time="0.006"/>
  <testcase name="testFindAllWithConditions2 on testFindAllWithConditions2(se.nrm.dina.data.jpa.DinaDaoImplTest)" classname="se.nrm.dina.data.jpa.DinaDaoImplTest" time="0.006"/>
  <testcase name="testFindById on testFindById(se.nrm.dina.data.jpa.DinaDaoImplTest)" classname="se.nrm.dina.data.jpa.DinaDaoImplTest" time="0.017"/>
  <testcase name="testFindByIdFailure on testFindByIdFailure(se.nrm.dina.data.jpa.DinaDaoImplTest)" classname="se.nrm.dina.data.jpa.DinaDaoImplTest" time="0.013"/>
  <testcase name="testFindByIdFailure2 on testFindByIdFailure2(se.nrm.dina.data.jpa.DinaDaoImplTest)" classname="se.nrm.dina.data.jpa.DinaDaoImplTest" time="0.021"/>
  <testcase name="testFindByIdForNoVisionEntities on testFindByIdForNoVisionEntities(se.nrm.dina.data.jpa.DinaDaoImplTest)" classname="se.nrm.dina.data.jpa.DinaDaoImplTest" time="0.005"/>
  <testcase name="testFindByIdForNoVisionEntities1 on testFindByIdForNoVisionEntities1(se.nrm.dina.data.jpa.DinaDaoImplTest)" classname="se.nrm.dina.data.jpa.DinaDaoImplTest" time="0.004"/>
  <testcase name="testFindByIdForNoVisionEntities2 on testFindByIdForNoVisionEntities2(se.nrm.dina.data.jpa.DinaDaoImplTest)" classname="se.nrm.dina.data.jpa.DinaDaoImplTest" time="0.004"/>
  <testcase name="testFindByIdForNoVisionEntities3 on testFindByIdForNoVisionEntities3(se.nrm.dina.data.jpa.DinaDaoImplTest)" classname="se.nrm.dina.data.jpa.DinaDaoImplTest" time="0.004"/>
  <testcase name="testFindByIdForNoVisionEntities4 on testFindByIdForNoVisionEntities4(se.nrm.dina.data.jpa.DinaDaoImplTest)" classname="se.nrm.dina.data.jpa.DinaDaoImplTest" time="0.004"/>
  <testcase name="testFindByIdForNoVisionEntities5 on testFindByIdForNoVisionEntities5(se.nrm.dina.data.jpa.DinaDaoImplTest)" classname="se.nrm.dina.data.jpa.DinaDaoImplTest" time="0.007"/>
  <testcase name="testFindByStringId on testFindByStringId(se.nrm.dina.data.jpa.DinaDaoImplTest)" classname="se.nrm.dina.data.jpa.DinaDaoImplTest" time="0.008"/>
  <testcase name="testFindByStringIdFailure on testFindByStringIdFailure(se.nrm.dina.data.jpa.DinaDaoImplTest)" classname="se.nrm.dina.data.jpa.DinaDaoImplTest" time="0.009"/>
  <testcase name="testFindByStringIdFailure2 on testFindByStringIdFailure2(se.nrm.dina.data.jpa.DinaDaoImplTest)" classname="se.nrm.dina.data.jpa.DinaDaoImplTest" time="0.004"/>
  <testcase name="testFindByReference on testFindByReference(se.nrm.dina.data.jpa.DinaDaoImplTest)" classname="se.nrm.dina.data.jpa.DinaDaoImplTest" time="0.004"/>
  <testcase name="testCreate on testCreate(se.nrm.dina.data.jpa.DinaDaoImplTest)" classname="se.nrm.dina.data.jpa.DinaDaoImplTest" time="0.021"/>
  <testcase name="testCreateFailure on testCreateFailure(se.nrm.dina.data.jpa.DinaDaoImplTest)" classname="se.nrm.dina.data.jpa.DinaDaoImplTest" time="0.038"/>
  <testcase name="testCreateFailure2 on testCreateFailure2(se.nrm.dina.data.jpa.DinaDaoImplTest)" classname="se.nrm.dina.data.jpa.DinaDaoImplTest" time="0.003"/>
  <testcase name="testMerge on testMerge(se.nrm.dina.data.jpa.DinaDaoImplTest)" classname="se.nrm.dina.data.jpa.DinaDaoImplTest" time="0.004"/>
  <testcase name="testMergeFailure1 on testMergeFailure1(se.nrm.dina.data.jpa.DinaDaoImplTest)" classname="se.nrm.dina.data.jpa.DinaDaoImplTest" time="0.016"/>
  <testcase name="testMergeFailure2 on testMergeFailure2(se.nrm.dina.data.jpa.DinaDaoImplTest)" classname="se.nrm.dina.data.jpa.DinaDaoImplTest" time="0.81"/>
  <testcase name="testMergeFailure3 on testMergeFailure3(se.nrm.dina.data.jpa.DinaDaoImplTest)" classname="se.nrm.dina.data.jpa.DinaDaoImplTest" time="0.003"/>
  <testcase name="testUpdateByJPQL on testUpdateByJPQL(se.nrm.dina.data.jpa.DinaDaoImplTest)" classname="se.nrm.dina.data.jpa.DinaDaoImplTest" time="0.004"/>
  <testcase name="testUpdateByJPQLFailure on testUpdateByJPQLFailure(se.nrm.dina.data.jpa.DinaDaoImplTest)" classname="se.nrm.dina.data.jpa.DinaDaoImplTest" time="0.003"/>
  <testcase name="testDelete on testDelete(se.nrm.dina.data.jpa.DinaDaoImplTest)" classname="se.nrm.dina.data.jpa.DinaDaoImplTest" time="0.003"/>
  <testcase name="testDeleteFailure1 on testDeleteFailure1(se.nrm.dina.data.jpa.DinaDaoImplTest)" classname="se.nrm.dina.data.jpa.DinaDaoImplTest" time="0.003"/>
  <testcase name="testDeleteFailure2 on testDeleteFailure2(se.nrm.dina.data.jpa.DinaDaoImplTest)" classname="se.nrm.dina.data.jpa.DinaDaoImplTest" time="0.003"/>
  <testcase name="testGetEntityByJPQL on testGetEntityByJPQL(se.nrm.dina.data.jpa.DinaDaoImplTest)" classname="se.nrm.dina.data.jpa.DinaDaoImplTest" time="0.003"/>
  <testcase name="testGetEntityByJPQLFailure1 on testGetEntityByJPQLFailure1(se.nrm.dina.data.jpa.DinaDaoImplTest)" classname="se.nrm.dina.data.jpa.DinaDaoImplTest" time="0.018"/>
  <testcase name="testGetEntityByJPQLFailure2 on testGetEntityByJPQLFailure2(se.nrm.dina.data.jpa.DinaDaoImplTest)" classname="se.nrm.dina.data.jpa.DinaDaoImplTest" time="0.012"/>
  <testcase name="testGetCountByQuery on testGetCountByQuery(se.nrm.dina.data.jpa.DinaDaoImplTest)" classname="se.nrm.dina.data.jpa.DinaDaoImplTest" time="0.007"/>
  <testcase name="testGetCountByQueryFailure on testGetCountByQueryFailure(se.nrm.dina.data.jpa.DinaDaoImplTest)" classname="se.nrm.dina.data.jpa.DinaDaoImplTest" time="0.003"/>
  <testcase name="testReformClassName on testReformClassName(se.nrm.dina.data.util.UtilNGTest)" classname="se.nrm.dina.data.util.UtilNGTest" time="0.001"/>
  <testcase name="testGetInstance on testGetInstance(se.nrm.dina.data.util.UtilNGTest)" classname="se.nrm.dina.data.util.UtilNGTest" time="0.001"/>
  <testcase name="testConvertClassNameToClass on testConvertClassNameToClass(se.nrm.dina.data.util.UtilNGTest)" classname="se.nrm.dina.data.util.UtilNGTest" time="0.001"/>
  <testcase name="testConvertClassNameToClassException on testConvertClassNameToClassException(se.nrm.dina.data.util.UtilNGTest)" classname="se.nrm.dina.data.util.UtilNGTest" time="0.001"/>
  <testcase name="testReformClassNameEmptyName on testReformClassNameEmptyName(se.nrm.dina.data.util.UtilNGTest)" classname="se.nrm.dina.data.util.UtilNGTest" time="0"/>
  <testcase name="testCreateNewInstance on testCreateNewInstance(se.nrm.dina.data.util.UtilNGTest)" classname="se.nrm.dina.data.util.UtilNGTest" time="0.001"/>
  <testcase name="testFailedCreateNewInstance on testFailedCreateNewInstance(se.nrm.dina.data.util.UtilNGTest)" classname="se.nrm.dina.data.util.UtilNGTest" time="0.001"/>
  <testcase name="testValidateEntityName on testValidateEntityName(se.nrm.dina.data.util.UtilNGTest)" classname="se.nrm.dina.data.util.UtilNGTest" time="0"/>
  <testcase name="testInvalidateEntityName on testInvalidateEntityName(se.nrm.dina.data.util.UtilNGTest)" classname="se.nrm.dina.data.util.UtilNGTest" time="0.001"/>
  <testcase name="testIsFieldsValid on testIsFieldsValid(se.nrm.dina.data.util.UtilNGTest)" classname="se.nrm.dina.data.util.UtilNGTest" time="0.003"/>
  <testcase name="testIsFieldsValidFailed on testIsFieldsValidFailed(se.nrm.dina.data.util.UtilNGTest)" classname="se.nrm.dina.data.util.UtilNGTest" time="0.001"/>
  <testcase name="testIsFieldsValidFailedExpected on testIsFieldsValidFailedExpected(se.nrm.dina.data.util.UtilNGTest)" classname="se.nrm.dina.data.util.UtilNGTest" time="0.001"/>
  <testcase name="testIsIntField on testIsIntField(se.nrm.dina.data.util.UtilNGTest)" classname="se.nrm.dina.data.util.UtilNGTest" time="0.015"/>
  <testcase name="testIsIntFieldFalse on testIsIntFieldFalse(se.nrm.dina.data.util.UtilNGTest)" classname="se.nrm.dina.data.util.UtilNGTest" time="0.001"/>
  <testcase name="testIsIntegerFieldException on testIsIntegerFieldException(se.nrm.dina.data.util.UtilNGTest)" classname="se.nrm.dina.data.util.UtilNGTest" time="0.01"/>
  <testcase name="testIsIntegerField on testIsIntegerField(se.nrm.dina.data.util.UtilNGTest)" classname="se.nrm.dina.data.util.UtilNGTest" time="0.001"/>
  <testcase name="testIsEntity on testIsEntity(se.nrm.dina.data.util.UtilNGTest)" classname="se.nrm.dina.data.util.UtilNGTest" time="0"/>
  <testcase name="testIsEntityFalse on testIsEntityFalse(se.nrm.dina.data.util.UtilNGTest)" classname="se.nrm.dina.data.util.UtilNGTest" time="0.001"/>
  <testcase name="testIsEntityFalseException on testIsEntityFalseException(se.nrm.dina.data.util.UtilNGTest)" classname="se.nrm.dina.data.util.UtilNGTest" time="0.002"/>
  <testcase name="testIsCollection on testIsCollection(se.nrm.dina.data.util.UtilNGTest)" classname="se.nrm.dina.data.util.UtilNGTest" time="0.001"/>
  <testcase name="testIsCollectionFalse on testIsCollectionFalse(se.nrm.dina.data.util.UtilNGTest)" classname="se.nrm.dina.data.util.UtilNGTest" time="0.001"/>
  <testcase name="testGetEntity on testGetEntity(se.nrm.dina.data.util.UtilNGTest)" classname="se.nrm.dina.data.util.UtilNGTest" time="0.001"/>
  <testcase name="testGetEntityFailure on testGetEntityFailure(se.nrm.dina.data.util.UtilNGTest)" classname="se.nrm.dina.data.util.UtilNGTest" time="0.009"/>
  <testcase name="testValidateFields on testValidateFields(se.nrm.dina.data.util.UtilNGTest)" classname="se.nrm.dina.data.util.UtilNGTest" time="0"/>
  <testcase name="testGetIDFieldName_EntityBean on testGetIDFieldName_EntityBean(se.nrm.dina.data.util.UtilNGTest)" classname="se.nrm.dina.data.util.UtilNGTest" time="0"/>
  <testcase name="testGetIDFieldName_String on testGetIDFieldName_String(se.nrm.dina.data.util.UtilNGTest)" classname="se.nrm.dina.data.util.UtilNGTest" time="0.001"/>
  <testcase name="testIsNumric on testIsNumric(se.nrm.dina.data.util.UtilNGTest)" classname="se.nrm.dina.data.util.UtilNGTest" time="0.001"/>
  <testcase name="testMaxLimit on testMaxLimit(se.nrm.dina.data.util.UtilNGTest)" classname="se.nrm.dina.data.util.UtilNGTest" time="0"/>
  <testcase name="testFindById on testFindById(se.nrm.dina.data.logic.DinaDataLogicNGTest)" classname="se.nrm.dina.data.logic.DinaDataLogicNGTest" time="0.01"/>
  <testcase name="testFindByIdFailure on testFindByIdFailure(se.nrm.dina.data.logic.DinaDataLogicNGTest)" classname="se.nrm.dina.data.logic.DinaDataLogicNGTest" time="0.002"/>
  <testcase name="testDinaDataLogicConstructor on testDinaDataLogicConstructor(se.nrm.dina.data.logic.DinaDataLogicNGTest)" classname="se.nrm.dina.data.logic.DinaDataLogicNGTest" time="0"/>
  <testcase name="testFindAll_String on testFindAll_String(se.nrm.dina.data.logic.DinaDataLogicNGTest)" classname="se.nrm.dina.data.logic.DinaDataLogicNGTest" time="0.006"/>
  <testcase name="testFindAll_StringFailure on testFindAll_StringFailure(se.nrm.dina.data.logic.DinaDataLogicNGTest)" classname="se.nrm.dina.data.logic.DinaDataLogicNGTest" time="0.004"/>
  <testcase name="testFindAll_7args on testFindAll_7args(se.nrm.dina.data.logic.DinaDataLogicNGTest)" classname="se.nrm.dina.data.logic.DinaDataLogicNGTest" time="0.003"/>
  <testcase name="testFindAll_7argsFailure on testFindAll_7argsFailure(se.nrm.dina.data.logic.DinaDataLogicNGTest)" classname="se.nrm.dina.data.logic.DinaDataLogicNGTest" time="0.004"/>
  <testcase name="testFindAllBySearchCriteria on testFindAllBySearchCriteria(se.nrm.dina.data.logic.DinaDataLogicNGTest)" classname="se.nrm.dina.data.logic.DinaDataLogicNGTest" time="0.015"/>
  <testcase name="testFindAllBySearchCriteria1 on testFindAllBySearchCriteria1(se.nrm.dina.data.logic.DinaDataLogicNGTest)" classname="se.nrm.dina.data.logic.DinaDataLogicNGTest" time="0.01"/>
  <testcase name="testFindAllBySearchCriteriaFailure on testFindAllBySearchCriteriaFailure(se.nrm.dina.data.logic.DinaDataLogicNGTest)" classname="se.nrm.dina.data.logic.DinaDataLogicNGTest" time="0.011"/>
  <testcase name="testFindByIdString on testFindByIdString(se.nrm.dina.data.logic.DinaDataLogicNGTest)" classname="se.nrm.dina.data.logic.DinaDataLogicNGTest" time="0.005"/>
  <testcase name="testFindEntityCount on testFindEntityCount(se.nrm.dina.data.logic.DinaDataLogicNGTest)" classname="se.nrm.dina.data.logic.DinaDataLogicNGTest" time="0.005"/>
  <testcase name="testFindEntityCountFailure on testFindEntityCountFailure(se.nrm.dina.data.logic.DinaDataLogicNGTest)" classname="se.nrm.dina.data.logic.DinaDataLogicNGTest" time="0.005"/>
  <testcase name="testCreateEntity on testCreateEntity(se.nrm.dina.data.logic.DinaDataLogicNGTest)" classname="se.nrm.dina.data.logic.DinaDataLogicNGTest" time="2.037"/>
  <testcase name="testCreateEntityFailure on testCreateEntityFailure(se.nrm.dina.data.logic.DinaDataLogicNGTest)" classname="se.nrm.dina.data.logic.DinaDataLogicNGTest" time="0.794"/>
  <testcase name="testUpdateEntity on testUpdateEntity(se.nrm.dina.data.logic.DinaDataLogicNGTest)" classname="se.nrm.dina.data.logic.DinaDataLogicNGTest" time="0.687"/>
  <testcase name="testUpdateEntityFailure on testUpdateEntityFailure(se.nrm.dina.data.logic.DinaDataLogicNGTest)" classname="se.nrm.dina.data.logic.DinaDataLogicNGTest" time="0.645"/>
  <testcase name="testUpdateEntityFailure1 on testUpdateEntityFailure1(se.nrm.dina.data.logic.DinaDataLogicNGTest)" classname="se.nrm.dina.data.logic.DinaDataLogicNGTest" time="0.009"/>
  <testcase name="testDeleteEntity on testDeleteEntity(se.nrm.dina.data.logic.DinaDataLogicNGTest)" classname="se.nrm.dina.data.logic.DinaDataLogicNGTest" time="0.004"/>
  <testcase name="testDeleteEntity1 on testDeleteEntity1(se.nrm.dina.data.logic.DinaDataLogicNGTest)" classname="se.nrm.dina.data.logic.DinaDataLogicNGTest" time="0.005"/>
  <testcase name="testDeleteEntityFailure on testDeleteEntityFailure(se.nrm.dina.data.logic.DinaDataLogicNGTest)" classname="se.nrm.dina.data.logic.DinaDataLogicNGTest" time="0.006"/>
</testsuite>