<?xml version="1.0" encoding="UTF-8"?>
<!-- Generated by org.testng.reporters.JUnitReportReporter -->
<testsuite hostname="Idas-MacBook-Air.local" name="se.nrm.dina.data.exceptions.DinaExceptionNGTest" tests="1" failures="0" timestamp="22 Jan 2016 18:42:05 GMT" time="0.021" errors="0">
  <testcase name="testGetErrorCode" time="0.021" classname="se.nrm.dina.data.exceptions.DinaExceptionNGTest"/>
</testsuite> <!-- se.nrm.dina.data.exceptions.DinaExceptionNGTest -->
