<?xml version="1.0" encoding="UTF-8"?>
<!-- Generated by org.testng.reporters.JUnitReportReporter -->
<testsuite hostname="Idas-MacBook-Air.local" name="se.nrm.dina.data.service.DinaServiceNGTest" tests="16" failures="0" timestamp="23 Jan 2016 15:51:02 GMT" time="2.283" errors="0">
  <testcase name="testGetAllByEntityName2" time="0.083" classname="se.nrm.dina.data.service.DinaServiceNGTest"/>
  <testcase name="testUpdateEntity" time="0.025" classname="se.nrm.dina.data.service.DinaServiceNGTest"/>
  <testcase name="testGetEntityCount" time="0.021" classname="se.nrm.dina.data.service.DinaServiceNGTest"/>
  <testcase name="testGetEntityById" time="0.119" classname="se.nrm.dina.data.service.DinaServiceNGTest"/>
  <testcase name="testGetAllByEntityName" time="0.768" classname="se.nrm.dina.data.service.DinaServiceNGTest"/>
  <testcase name="testDinaServiceConstractor" time="0.881" classname="se.nrm.dina.data.service.DinaServiceNGTest"/>
  <testcase name="testGetAllByEntityNameFailure" time="0.053" classname="se.nrm.dina.data.service.DinaServiceNGTest"/>
  <testcase name="testGetDataFailure" time="0.032" classname="se.nrm.dina.data.service.DinaServiceNGTest"/>
  <testcase name="testGetData" time="0.034" classname="se.nrm.dina.data.service.DinaServiceNGTest"/>
  <testcase name="testGetEntityByIdFailure" time="0.030" classname="se.nrm.dina.data.service.DinaServiceNGTest"/>
  <testcase name="testDeleteEntityByIdFailure" time="0.067" classname="se.nrm.dina.data.service.DinaServiceNGTest"/>
  <testcase name="testCreateNewEntity" time="0.038" classname="se.nrm.dina.data.service.DinaServiceNGTest"/>
  <testcase name="testGetEntityCountFailure" time="0.025" classname="se.nrm.dina.data.service.DinaServiceNGTest"/>
  <testcase name="testUpdateEntityFailure" time="0.040" classname="se.nrm.dina.data.service.DinaServiceNGTest"/>
  <testcase name="testCreateNewEntityFailure" time="0.028" classname="se.nrm.dina.data.service.DinaServiceNGTest"/>
  <testcase name="testDeleteEntityById" time="0.039" classname="se.nrm.dina.data.service.DinaServiceNGTest"/>
</testsuite> <!-- se.nrm.dina.data.service.DinaServiceNGTest -->
