<?xml version="1.0" encoding="UTF-8"?>
<!-- Generated by org.testng.reporters.JUnitReportReporter -->
<testsuite hostname="Idas-MacBook-Air.local" name="se.nrm.dina.data.service.DinaServiceNGTest" tests="16" failures="0" timestamp="23 Jan 2016 13:02:52 GMT" time="4.172" errors="0">
  <testcase name="testGetAllByEntityName2" time="0.096" classname="se.nrm.dina.data.service.DinaServiceNGTest"/>
  <testcase name="testUpdateEntity" time="0.059" classname="se.nrm.dina.data.service.DinaServiceNGTest"/>
  <testcase name="testGetEntityCount" time="0.043" classname="se.nrm.dina.data.service.DinaServiceNGTest"/>
  <testcase name="testGetEntityById" time="0.199" classname="se.nrm.dina.data.service.DinaServiceNGTest"/>
  <testcase name="testGetAllByEntityName" time="1.203" classname="se.nrm.dina.data.service.DinaServiceNGTest"/>
  <testcase name="testDinaServiceConstractor" time="2.015" classname="se.nrm.dina.data.service.DinaServiceNGTest"/>
  <testcase name="testGetAllByEntityNameFailure" time="0.070" classname="se.nrm.dina.data.service.DinaServiceNGTest"/>
  <testcase name="testGetDataFailure" time="0.077" classname="se.nrm.dina.data.service.DinaServiceNGTest"/>
  <testcase name="testGetData" time="0.082" classname="se.nrm.dina.data.service.DinaServiceNGTest"/>
  <testcase name="testGetEntityByIdFailure" time="0.070" classname="se.nrm.dina.data.service.DinaServiceNGTest"/>
  <testcase name="testDeleteEntityByIdFailure" time="0.037" classname="se.nrm.dina.data.service.DinaServiceNGTest"/>
  <testcase name="testCreateNewEntity" time="0.064" classname="se.nrm.dina.data.service.DinaServiceNGTest"/>
  <testcase name="testGetEntityCountFailure" time="0.047" classname="se.nrm.dina.data.service.DinaServiceNGTest"/>
  <testcase name="testUpdateEntityFailure" time="0.039" classname="se.nrm.dina.data.service.DinaServiceNGTest"/>
  <testcase name="testCreateNewEntityFailure" time="0.042" classname="se.nrm.dina.data.service.DinaServiceNGTest"/>
  <testcase name="testDeleteEntityById" time="0.029" classname="se.nrm.dina.data.service.DinaServiceNGTest"/>
</testsuite> <!-- se.nrm.dina.data.service.DinaServiceNGTest -->
