<?xml version="1.0" encoding="UTF-8"?>
<!-- Generated by org.testng.reporters.JUnitReportReporter -->
<testsuite hostname="Idas-MacBook-Air.local" name="se.nrm.dina.data.service.DinaServiceNGTest" tests="7" failures="0" timestamp="22 Jan 2016 17:54:09 GMT" time="1.895" errors="0">
  <testcase name="testGetData" time="0.046" classname="se.nrm.dina.data.service.DinaServiceNGTest"/>
  <testcase name="testGetEntityCount" time="0.040" classname="se.nrm.dina.data.service.DinaServiceNGTest"/>
  <testcase name="testDeleteEntityById" time="0.032" classname="se.nrm.dina.data.service.DinaServiceNGTest"/>
  <testcase name="testGetEntityById" time="0.098" classname="se.nrm.dina.data.service.DinaServiceNGTest"/>
  <testcase name="testCreateNewEntity" time="0.054" classname="se.nrm.dina.data.service.DinaServiceNGTest"/>
  <testcase name="testUpdateEntity" time="0.042" classname="se.nrm.dina.data.service.DinaServiceNGTest"/>
  <testcase name="testGetAllByEntityName" time="1.583" classname="se.nrm.dina.data.service.DinaServiceNGTest"/>
</testsuite> <!-- se.nrm.dina.data.service.DinaServiceNGTest -->
