<?xml version="1.0" encoding="UTF-8"?>
<!-- Generated by org.testng.reporters.JUnitReportReporter -->
<testsuite hostname="Idas-MacBook-Air.local" name="se.nrm.dina.data.service.DinaServiceNGTest" tests="16" failures="0" timestamp="23 Jan 2016 16:08:44 GMT" time="3.439" errors="0">
  <testcase name="testGetAllByEntityName2" time="0.068" classname="se.nrm.dina.data.service.DinaServiceNGTest"/>
  <testcase name="testUpdateEntity" time="0.053" classname="se.nrm.dina.data.service.DinaServiceNGTest"/>
  <testcase name="testGetEntityCount" time="0.037" classname="se.nrm.dina.data.service.DinaServiceNGTest"/>
  <testcase name="testGetEntityById" time="0.155" classname="se.nrm.dina.data.service.DinaServiceNGTest"/>
  <testcase name="testGetAllByEntityName" time="0.994" classname="se.nrm.dina.data.service.DinaServiceNGTest"/>
  <testcase name="testDinaServiceConstractor" time="1.666" classname="se.nrm.dina.data.service.DinaServiceNGTest"/>
  <testcase name="testGetAllByEntityNameFailure" time="0.045" classname="se.nrm.dina.data.service.DinaServiceNGTest"/>
  <testcase name="testGetDataFailure" time="0.036" classname="se.nrm.dina.data.service.DinaServiceNGTest"/>
  <testcase name="testGetData" time="0.054" classname="se.nrm.dina.data.service.DinaServiceNGTest"/>
  <testcase name="testGetEntityByIdFailure" time="0.048" classname="se.nrm.dina.data.service.DinaServiceNGTest"/>
  <testcase name="testDeleteEntityByIdFailure" time="0.041" classname="se.nrm.dina.data.service.DinaServiceNGTest"/>
  <testcase name="testCreateNewEntity" time="0.070" classname="se.nrm.dina.data.service.DinaServiceNGTest"/>
  <testcase name="testGetEntityCountFailure" time="0.025" classname="se.nrm.dina.data.service.DinaServiceNGTest"/>
  <testcase name="testUpdateEntityFailure" time="0.043" classname="se.nrm.dina.data.service.DinaServiceNGTest"/>
  <testcase name="testCreateNewEntityFailure" time="0.070" classname="se.nrm.dina.data.service.DinaServiceNGTest"/>
  <testcase name="testDeleteEntityById" time="0.034" classname="se.nrm.dina.data.service.DinaServiceNGTest"/>
</testsuite> <!-- se.nrm.dina.data.service.DinaServiceNGTest -->
