<?xml version="1.0" encoding="UTF-8"?>
<!-- Generated by org.testng.reporters.JUnitReportReporter -->
<testsuite hostname="Idas-MacBook-Air.local" name="se.nrm.dina.data.service.DinaServiceNGTest" tests="16" failures="0" timestamp="23 Jan 2016 14:03:32 GMT" time="5.451" errors="0">
  <testcase name="testGetEntityByIdFailure" time="0.155" classname="se.nrm.dina.data.service.DinaServiceNGTest"/>
  <testcase name="testUpdateEntityFailure" time="3.562" classname="se.nrm.dina.data.service.DinaServiceNGTest"/>
  <testcase name="testCreateNewEntity" time="0.138" classname="se.nrm.dina.data.service.DinaServiceNGTest"/>
  <testcase name="testGetAllByEntityName2" time="0.099" classname="se.nrm.dina.data.service.DinaServiceNGTest"/>
  <testcase name="testGetAllByEntityName" time="0.122" classname="se.nrm.dina.data.service.DinaServiceNGTest"/>
  <testcase name="testDinaServiceConstractor" time="0.084" classname="se.nrm.dina.data.service.DinaServiceNGTest"/>
  <testcase name="testDeleteEntityByIdFailure" time="0.117" classname="se.nrm.dina.data.service.DinaServiceNGTest"/>
  <testcase name="testGetDataFailure" time="0.101" classname="se.nrm.dina.data.service.DinaServiceNGTest"/>
  <testcase name="testGetEntityCount" time="0.114" classname="se.nrm.dina.data.service.DinaServiceNGTest"/>
  <testcase name="testGetData" time="0.279" classname="se.nrm.dina.data.service.DinaServiceNGTest"/>
  <testcase name="testGetEntityById" time="0.205" classname="se.nrm.dina.data.service.DinaServiceNGTest"/>
  <testcase name="testGetEntityCountFailure" time="0.057" classname="se.nrm.dina.data.service.DinaServiceNGTest"/>
  <testcase name="testDeleteEntityById" time="0.124" classname="se.nrm.dina.data.service.DinaServiceNGTest"/>
  <testcase name="testCreateNewEntityFailure" time="0.082" classname="se.nrm.dina.data.service.DinaServiceNGTest"/>
  <testcase name="testUpdateEntity" time="0.100" classname="se.nrm.dina.data.service.DinaServiceNGTest"/>
  <testcase name="testGetAllByEntityNameFailure" time="0.112" classname="se.nrm.dina.data.service.DinaServiceNGTest"/>
</testsuite> <!-- se.nrm.dina.data.service.DinaServiceNGTest -->
