<?xml version="1.0" encoding="UTF-8"?>
<!-- Generated by org.testng.reporters.JUnitReportReporter -->
<testsuite hostname="Idas-MacBook-Air.local" name="se.nrm.dina.data.util.UtilNGTest" tests="28" failures="0" timestamp="10 Feb 2016 17:08:03 GMT" time="0.065" errors="0">
  <testcase name="testReformClassName" time="0.001" classname="se.nrm.dina.data.util.UtilNGTest"/>
  <testcase name="testConvertClassNameToClass" time="0.000" classname="se.nrm.dina.data.util.UtilNGTest"/>
  <testcase name="testIsFieldsValidFailed" time="0.001" classname="se.nrm.dina.data.util.UtilNGTest"/>
  <testcase name="testGetInstance" time="0.000" classname="se.nrm.dina.data.util.UtilNGTest"/>
  <testcase name="testIsCollectionFalse" time="0.001" classname="se.nrm.dina.data.util.UtilNGTest"/>
  <testcase name="testGetEntityFailure" time="0.001" classname="se.nrm.dina.data.util.UtilNGTest"/>
  <testcase name="testIsIntegerFieldException" time="0.002" classname="se.nrm.dina.data.util.UtilNGTest"/>
  <testcase name="testConvertClassNameToClassException" time="0.002" classname="se.nrm.dina.data.util.UtilNGTest"/>
  <testcase name="testInvalidateEntityName" time="0.001" classname="se.nrm.dina.data.util.UtilNGTest"/>
  <testcase name="testIsIntField" time="0.021" classname="se.nrm.dina.data.util.UtilNGTest"/>
  <testcase name="testValidateFields" time="0.001" classname="se.nrm.dina.data.util.UtilNGTest"/>
  <testcase name="testIsEntity" time="0.001" classname="se.nrm.dina.data.util.UtilNGTest"/>
  <testcase name="testIsNumric" time="0.012" classname="se.nrm.dina.data.util.UtilNGTest"/>
  <testcase name="testGetIDFieldName_EntityBean" time="0.007" classname="se.nrm.dina.data.util.UtilNGTest"/>
  <testcase name="testIsCollection" time="0.000" classname="se.nrm.dina.data.util.UtilNGTest"/>
  <testcase name="testIsIntegerField" time="0.000" classname="se.nrm.dina.data.util.UtilNGTest"/>
  <testcase name="testIsEntityFalse" time="0.000" classname="se.nrm.dina.data.util.UtilNGTest"/>
  <testcase name="testIsEntityFalseException" time="0.001" classname="se.nrm.dina.data.util.UtilNGTest"/>
  <testcase name="testFailedCreateNewInstance" time="0.001" classname="se.nrm.dina.data.util.UtilNGTest"/>
  <testcase name="testIsFieldsValid" time="0.005" classname="se.nrm.dina.data.util.UtilNGTest"/>
  <testcase name="testIsFieldsValidFailedExpected" time="0.003" classname="se.nrm.dina.data.util.UtilNGTest"/>
  <testcase name="testReformClassNameEmptyName" time="0.000" classname="se.nrm.dina.data.util.UtilNGTest"/>
  <testcase name="testGetEntity" time="0.002" classname="se.nrm.dina.data.util.UtilNGTest"/>
  <testcase name="testValidateEntityName" time="0.000" classname="se.nrm.dina.data.util.UtilNGTest"/>
  <testcase name="testCreateNewInstance" time="0.000" classname="se.nrm.dina.data.util.UtilNGTest"/>
  <testcase name="testGetIDFieldName_String" time="0.000" classname="se.nrm.dina.data.util.UtilNGTest"/>
  <testcase name="testIsIntFieldFalse" time="0.001" classname="se.nrm.dina.data.util.UtilNGTest"/>
  <testcase name="testMaxLimit" time="0.001" classname="se.nrm.dina.data.util.UtilNGTest"/>
</testsuite> <!-- se.nrm.dina.data.util.UtilNGTest -->
