<?xml version="1.0" encoding="UTF-8"?>
<!-- Generated by org.testng.reporters.JUnitReportReporter -->
<testsuite hostname="Idas-MacBook-Air.local" name="se.nrm.dina.data.jpa.DinaDaoImplTest" tests="35" failures="0" timestamp="11 Feb 2016 09:56:08 GMT" time="2.070" errors="0">
  <testcase name="testFindByStringId" time="0.005" classname="se.nrm.dina.data.jpa.DinaDaoImplTest"/>
  <testcase name="testFindById" time="0.041" classname="se.nrm.dina.data.jpa.DinaDaoImplTest"/>
  <testcase name="testFindByIdForNoVisionEntities2" time="0.005" classname="se.nrm.dina.data.jpa.DinaDaoImplTest"/>
  <testcase name="testUpdateByJPQL" time="0.004" classname="se.nrm.dina.data.jpa.DinaDaoImplTest"/>
  <testcase name="testFindAllWithConditionsException" time="0.089" classname="se.nrm.dina.data.jpa.DinaDaoImplTest"/>
  <testcase name="testFindByReference" time="0.005" classname="se.nrm.dina.data.jpa.DinaDaoImplTest"/>
  <testcase name="testDelete" time="0.002" classname="se.nrm.dina.data.jpa.DinaDaoImplTest"/>
  <testcase name="testUpdateByJPQLFailure" time="0.002" classname="se.nrm.dina.data.jpa.DinaDaoImplTest"/>
  <testcase name="testFindByIdForNoVisionEntities" time="0.005" classname="se.nrm.dina.data.jpa.DinaDaoImplTest"/>
  <testcase name="testDeleteFailure2" time="0.003" classname="se.nrm.dina.data.jpa.DinaDaoImplTest"/>
  <testcase name="testFindAllWithConditions2" time="0.007" classname="se.nrm.dina.data.jpa.DinaDaoImplTest"/>
  <testcase name="testGetCountByQueryFailure" time="0.003" classname="se.nrm.dina.data.jpa.DinaDaoImplTest"/>
  <testcase name="testCreateFailure2" time="0.006" classname="se.nrm.dina.data.jpa.DinaDaoImplTest"/>
  <testcase name="testMergeFailure1" time="0.016" classname="se.nrm.dina.data.jpa.DinaDaoImplTest"/>
  <testcase name="testDinaDaoImplConstractor" time="0.549" classname="se.nrm.dina.data.jpa.DinaDaoImplTest"/>
  <testcase name="testGetEntityByJPQL" time="0.004" classname="se.nrm.dina.data.jpa.DinaDaoImplTest"/>
  <testcase name="testFindAll" time="0.076" classname="se.nrm.dina.data.jpa.DinaDaoImplTest"/>
  <testcase name="testFindByIdForNoVisionEntities3" time="0.005" classname="se.nrm.dina.data.jpa.DinaDaoImplTest"/>
  <testcase name="testFindByStringIdFailure2" time="0.002" classname="se.nrm.dina.data.jpa.DinaDaoImplTest"/>
  <testcase name="testMergeFailure3" time="0.003" classname="se.nrm.dina.data.jpa.DinaDaoImplTest"/>
  <testcase name="testGetEntityByJPQLFailure1" time="0.012" classname="se.nrm.dina.data.jpa.DinaDaoImplTest"/>
  <testcase name="testFindByStringIdFailure" time="0.005" classname="se.nrm.dina.data.jpa.DinaDaoImplTest"/>
  <testcase name="testFindByIdForNoVisionEntities1" time="0.003" classname="se.nrm.dina.data.jpa.DinaDaoImplTest"/>
  <testcase name="testFindByIdForNoVisionEntities5" time="0.004" classname="se.nrm.dina.data.jpa.DinaDaoImplTest"/>
  <testcase name="testMerge" time="0.004" classname="se.nrm.dina.data.jpa.DinaDaoImplTest"/>
  <testcase name="testFindByIdFailure2" time="0.021" classname="se.nrm.dina.data.jpa.DinaDaoImplTest"/>
  <testcase name="testFindByIdForNoVisionEntities4" time="0.005" classname="se.nrm.dina.data.jpa.DinaDaoImplTest"/>
  <testcase name="testGetEntityByJPQLFailure2" time="0.012" classname="se.nrm.dina.data.jpa.DinaDaoImplTest"/>
  <testcase name="testGetCountByQuery" time="0.006" classname="se.nrm.dina.data.jpa.DinaDaoImplTest"/>
  <testcase name="testMergeFailure2" time="1.094" classname="se.nrm.dina.data.jpa.DinaDaoImplTest"/>
  <testcase name="testFindAllWithConditions1" time="0.033" classname="se.nrm.dina.data.jpa.DinaDaoImplTest"/>
  <testcase name="testCreateFailure" time="0.027" classname="se.nrm.dina.data.jpa.DinaDaoImplTest"/>
  <testcase name="testFindByIdFailure" time="0.005" classname="se.nrm.dina.data.jpa.DinaDaoImplTest"/>
  <testcase name="testDeleteFailure1" time="0.003" classname="se.nrm.dina.data.jpa.DinaDaoImplTest"/>
  <testcase name="testCreate" time="0.004" classname="se.nrm.dina.data.jpa.DinaDaoImplTest"/>
</testsuite> <!-- se.nrm.dina.data.jpa.DinaDaoImplTest -->
