<?xml version="1.0" encoding="UTF-8"?>
<!-- Generated by org.testng.reporters.JUnitReportReporter -->
<testsuite hostname="Idas-MacBook-Air.local" name="se.nrm.dina.data.logic.DinaDataLogicNGTest" tests="22" failures="0" timestamp="26 Jan 2016 14:12:21 GMT" time="6.374" errors="0">
  <testcase name="testFindByIdString" time="0.008" classname="se.nrm.dina.data.logic.DinaDataLogicNGTest"/>
  <testcase name="testFindAll_7argsFailure" time="0.025" classname="se.nrm.dina.data.logic.DinaDataLogicNGTest"/>
  <testcase name="testUpdateEntity" time="0.884" classname="se.nrm.dina.data.logic.DinaDataLogicNGTest"/>
  <testcase name="testFindAllBySearchCriteria1" time="0.005" classname="se.nrm.dina.data.logic.DinaDataLogicNGTest"/>
  <testcase name="testDinaDataLogicConstructor" time="0.003" classname="se.nrm.dina.data.logic.DinaDataLogicNGTest"/>
  <testcase name="testCreateEntity" time="3.606" classname="se.nrm.dina.data.logic.DinaDataLogicNGTest"/>
  <testcase name="testFindAllBySearchCriteriaFailure" time="0.005" classname="se.nrm.dina.data.logic.DinaDataLogicNGTest"/>
  <testcase name="testDeleteEntity1" time="0.003" classname="se.nrm.dina.data.logic.DinaDataLogicNGTest"/>
  <testcase name="testCreateEntityFailure" time="1.105" classname="se.nrm.dina.data.logic.DinaDataLogicNGTest"/>
  <testcase name="testFindEntityCount" time="0.006" classname="se.nrm.dina.data.logic.DinaDataLogicNGTest"/>
  <testcase name="testFindAll_String" time="0.008" classname="se.nrm.dina.data.logic.DinaDataLogicNGTest"/>
  <testcase name="testFindAll_StringFailure" time="0.042" classname="se.nrm.dina.data.logic.DinaDataLogicNGTest"/>
  <testcase name="testFindById" time="0.011" classname="se.nrm.dina.data.logic.DinaDataLogicNGTest"/>
  <testcase name="testFindEntityCountFailure" time="0.006" classname="se.nrm.dina.data.logic.DinaDataLogicNGTest"/>
  <testcase name="testDeleteEntity" time="0.002" classname="se.nrm.dina.data.logic.DinaDataLogicNGTest"/>
  <testcase name="testDeleteEntityFailure" time="0.004" classname="se.nrm.dina.data.logic.DinaDataLogicNGTest"/>
  <testcase name="testUpdateEntityFailure1" time="0.007" classname="se.nrm.dina.data.logic.DinaDataLogicNGTest"/>
  <testcase name="testFindAll_7args" time="0.017" classname="se.nrm.dina.data.logic.DinaDataLogicNGTest"/>
  <testcase name="testFindAllBySearchCriteria" time="0.058" classname="se.nrm.dina.data.logic.DinaDataLogicNGTest"/>
  <testcase name="testFindByIdFailure" time="0.008" classname="se.nrm.dina.data.logic.DinaDataLogicNGTest"/>
  <testcase name="testUpdateEntityFailure" time="0.548" classname="se.nrm.dina.data.logic.DinaDataLogicNGTest"/>
  <testcase name="testFindAllBySearchCriteria2" time="0.013" classname="se.nrm.dina.data.logic.DinaDataLogicNGTest"/>
</testsuite> <!-- se.nrm.dina.data.logic.DinaDataLogicNGTest -->
