<?xml version="1.0" encoding="UTF-8"?>
<!-- Generated by org.testng.reporters.JUnitReportReporter -->
<testsuite hostname="Idas-MacBook-Air.local" name="se.nrm.dina.data.jpa.DinaDaoImplTest" tests="35" failures="0" timestamp="23 Jan 2016 15:50:52 GMT" time="2.894" errors="0">
  <testcase name="testFindByIdForNoVisionEntities2" time="0.008" classname="se.nrm.dina.data.jpa.DinaDaoImplTest"/>
  <testcase name="testDeleteFailure1" time="0.003" classname="se.nrm.dina.data.jpa.DinaDaoImplTest"/>
  <testcase name="testFindByIdForNoVisionEntities1" time="0.003" classname="se.nrm.dina.data.jpa.DinaDaoImplTest"/>
  <testcase name="testCreate" time="0.004" classname="se.nrm.dina.data.jpa.DinaDaoImplTest"/>
  <testcase name="testFindByReference" time="0.003" classname="se.nrm.dina.data.jpa.DinaDaoImplTest"/>
  <testcase name="testDelete" time="0.003" classname="se.nrm.dina.data.jpa.DinaDaoImplTest"/>
  <testcase name="testGetEntityByJPQL" time="0.003" classname="se.nrm.dina.data.jpa.DinaDaoImplTest"/>
  <testcase name="testDeleteFailure2" time="0.006" classname="se.nrm.dina.data.jpa.DinaDaoImplTest"/>
  <testcase name="testCreateFailure2" time="0.004" classname="se.nrm.dina.data.jpa.DinaDaoImplTest"/>
  <testcase name="testFindByIdForNoVisionEntities5" time="0.010" classname="se.nrm.dina.data.jpa.DinaDaoImplTest"/>
  <testcase name="testFindByIdFailure2" time="0.033" classname="se.nrm.dina.data.jpa.DinaDaoImplTest"/>
  <testcase name="testGetCountByQueryFailure" time="0.003" classname="se.nrm.dina.data.jpa.DinaDaoImplTest"/>
  <testcase name="testMergeFailure1" time="0.016" classname="se.nrm.dina.data.jpa.DinaDaoImplTest"/>
  <testcase name="testMerge" time="0.004" classname="se.nrm.dina.data.jpa.DinaDaoImplTest"/>
  <testcase name="testFindByIdForNoVisionEntities3" time="0.004" classname="se.nrm.dina.data.jpa.DinaDaoImplTest"/>
  <testcase name="testFindAll" time="1.175" classname="se.nrm.dina.data.jpa.DinaDaoImplTest"/>
  <testcase name="testCreateFailure" time="0.067" classname="se.nrm.dina.data.jpa.DinaDaoImplTest"/>
  <testcase name="testGetCountByQuery" time="0.003" classname="se.nrm.dina.data.jpa.DinaDaoImplTest"/>
  <testcase name="testFindByIdForNoVisionEntities4" time="0.006" classname="se.nrm.dina.data.jpa.DinaDaoImplTest"/>
  <testcase name="testFindByStringIdFailure" time="0.007" classname="se.nrm.dina.data.jpa.DinaDaoImplTest"/>
  <testcase name="testFindAllWithConditionsException" time="0.008" classname="se.nrm.dina.data.jpa.DinaDaoImplTest"/>
  <testcase name="testUpdateByJPQLFailure" time="0.004" classname="se.nrm.dina.data.jpa.DinaDaoImplTest"/>
  <testcase name="testFindByIdFailure" time="0.015" classname="se.nrm.dina.data.jpa.DinaDaoImplTest"/>
  <testcase name="testFindByIdForNoVisionEntities" time="0.004" classname="se.nrm.dina.data.jpa.DinaDaoImplTest"/>
  <testcase name="testGetEntityByJPQLFailure2" time="0.027" classname="se.nrm.dina.data.jpa.DinaDaoImplTest"/>
  <testcase name="testMergeFailure2" time="1.372" classname="se.nrm.dina.data.jpa.DinaDaoImplTest"/>
  <testcase name="testUpdateByJPQL" time="0.004" classname="se.nrm.dina.data.jpa.DinaDaoImplTest"/>
  <testcase name="testFindAllWithConditions1" time="0.006" classname="se.nrm.dina.data.jpa.DinaDaoImplTest"/>
  <testcase name="testDinaDaoImplConstractor" time="0.001" classname="se.nrm.dina.data.jpa.DinaDaoImplTest"/>
  <testcase name="testFindAllWithConditions2" time="0.013" classname="se.nrm.dina.data.jpa.DinaDaoImplTest"/>
  <testcase name="testFindByStringId" time="0.004" classname="se.nrm.dina.data.jpa.DinaDaoImplTest"/>
  <testcase name="testFindByStringIdFailure2" time="0.003" classname="se.nrm.dina.data.jpa.DinaDaoImplTest"/>
  <testcase name="testMergeFailure3" time="0.003" classname="se.nrm.dina.data.jpa.DinaDaoImplTest"/>
  <testcase name="testFindById" time="0.012" classname="se.nrm.dina.data.jpa.DinaDaoImplTest"/>
  <testcase name="testGetEntityByJPQLFailure1" time="0.053" classname="se.nrm.dina.data.jpa.DinaDaoImplTest"/>
</testsuite> <!-- se.nrm.dina.data.jpa.DinaDaoImplTest -->
