<?xml version="1.0" encoding="UTF-8"?>
<!-- Generated by org.testng.reporters.JUnitReportReporter -->
<testsuite hostname="Idas-MacBook-Air.local" name="se.nrm.dina.data.logic.DinaDataLogicNGTest" tests="8" failures="0" timestamp="23 Jan 2016 10:33:10 GMT" time="5.743" errors="0">
  <testcase name="testDeleteEntity" time="0.011" classname="se.nrm.dina.data.logic.DinaDataLogicNGTest"/>
  <testcase name="testUpdateEntity" time="1.199" classname="se.nrm.dina.data.logic.DinaDataLogicNGTest"/>
  <testcase name="testCreateEntity" time="3.925" classname="se.nrm.dina.data.logic.DinaDataLogicNGTest"/>
  <testcase name="testFindEntityCount" time="0.003" classname="se.nrm.dina.data.logic.DinaDataLogicNGTest"/>
  <testcase name="testFindAllBySearchCriteria" time="0.024" classname="se.nrm.dina.data.logic.DinaDataLogicNGTest"/>
  <testcase name="testFindAll_7args" time="0.017" classname="se.nrm.dina.data.logic.DinaDataLogicNGTest"/>
  <testcase name="testFindById" time="0.559" classname="se.nrm.dina.data.logic.DinaDataLogicNGTest"/>
  <testcase name="testFindAll_String" time="0.005" classname="se.nrm.dina.data.logic.DinaDataLogicNGTest"/>
</testsuite> <!-- se.nrm.dina.data.logic.DinaDataLogicNGTest -->
