<?xml version="1.0" encoding="UTF-8"?>
<!-- Generated by org.testng.reporters.JUnitReportReporter -->
<testsuite hostname="Idas-MacBook-Air.local" name="se.nrm.dina.data.logic.DinaDataLogicNGTest" tests="8" failures="0" timestamp="22 Jan 2016 18:18:31 GMT" time="3.828" errors="0">
  <testcase name="testFindAll_String" time="0.011" classname="se.nrm.dina.data.logic.DinaDataLogicNGTest"/>
  <testcase name="testFindEntityCount" time="0.002" classname="se.nrm.dina.data.logic.DinaDataLogicNGTest"/>
  <testcase name="testFindById" time="0.012" classname="se.nrm.dina.data.logic.DinaDataLogicNGTest"/>
  <testcase name="testDeleteEntity" time="0.004" classname="se.nrm.dina.data.logic.DinaDataLogicNGTest"/>
  <testcase name="testFindAllBySearchCriteria" time="0.019" classname="se.nrm.dina.data.logic.DinaDataLogicNGTest"/>
  <testcase name="testCreateEntity" time="2.864" classname="se.nrm.dina.data.logic.DinaDataLogicNGTest"/>
  <testcase name="testUpdateEntity" time="0.912" classname="se.nrm.dina.data.logic.DinaDataLogicNGTest"/>
  <testcase name="testFindAll_7args" time="0.004" classname="se.nrm.dina.data.logic.DinaDataLogicNGTest"/>
</testsuite> <!-- se.nrm.dina.data.logic.DinaDataLogicNGTest -->
