<?xml version="1.0" encoding="UTF-8"?>
<!-- Generated by org.testng.reporters.JUnitReportReporter -->
<testsuite hostname="Idas-MacBook-Air.local" name="se.nrm.dina.data.logic.DinaDataLogicNGTest" tests="22" failures="0" timestamp="5 Feb 2016 10:54:10 GMT" time="7.300" errors="0">
  <testcase name="testUpdateEntityFailure" time="1.217" classname="se.nrm.dina.data.logic.DinaDataLogicNGTest"/>
  <testcase name="testFindAll_7args" time="0.004" classname="se.nrm.dina.data.logic.DinaDataLogicNGTest"/>
  <testcase name="testFindAll_String" time="0.002" classname="se.nrm.dina.data.logic.DinaDataLogicNGTest"/>
  <testcase name="testFindAllBySearchCriteria" time="0.053" classname="se.nrm.dina.data.logic.DinaDataLogicNGTest"/>
  <testcase name="testFindAll_7argsFailure" time="0.008" classname="se.nrm.dina.data.logic.DinaDataLogicNGTest"/>
  <testcase name="testDeleteEntity1" time="0.002" classname="se.nrm.dina.data.logic.DinaDataLogicNGTest"/>
  <testcase name="testFindByIdString" time="0.014" classname="se.nrm.dina.data.logic.DinaDataLogicNGTest"/>
  <testcase name="testUpdateEntityFailure1" time="0.016" classname="se.nrm.dina.data.logic.DinaDataLogicNGTest"/>
  <testcase name="testFindAllBySearchCriteria2" time="0.007" classname="se.nrm.dina.data.logic.DinaDataLogicNGTest"/>
  <testcase name="testDinaDataLogicConstructor" time="0.001" classname="se.nrm.dina.data.logic.DinaDataLogicNGTest"/>
  <testcase name="testFindAllBySearchCriteriaFailure" time="0.008" classname="se.nrm.dina.data.logic.DinaDataLogicNGTest"/>
  <testcase name="testFindEntityCount" time="0.002" classname="se.nrm.dina.data.logic.DinaDataLogicNGTest"/>
  <testcase name="testDeleteEntityFailure" time="0.009" classname="se.nrm.dina.data.logic.DinaDataLogicNGTest"/>
  <testcase name="testFindById" time="0.004" classname="se.nrm.dina.data.logic.DinaDataLogicNGTest"/>
  <testcase name="testCreateEntityFailure" time="0.835" classname="se.nrm.dina.data.logic.DinaDataLogicNGTest"/>
  <testcase name="testFindByIdFailure" time="0.002" classname="se.nrm.dina.data.logic.DinaDataLogicNGTest"/>
  <testcase name="testDeleteEntity" time="0.002" classname="se.nrm.dina.data.logic.DinaDataLogicNGTest"/>
  <testcase name="testFindAll_StringFailure" time="0.002" classname="se.nrm.dina.data.logic.DinaDataLogicNGTest"/>
  <testcase name="testFindAllBySearchCriteria1" time="0.015" classname="se.nrm.dina.data.logic.DinaDataLogicNGTest"/>
  <testcase name="testCreateEntity" time="0.968" classname="se.nrm.dina.data.logic.DinaDataLogicNGTest"/>
  <testcase name="testUpdateEntity" time="4.125" classname="se.nrm.dina.data.logic.DinaDataLogicNGTest"/>
  <testcase name="testFindEntityCountFailure" time="0.004" classname="se.nrm.dina.data.logic.DinaDataLogicNGTest"/>
</testsuite> <!-- se.nrm.dina.data.logic.DinaDataLogicNGTest -->
