<?xml version="1.0" encoding="UTF-8"?>
<!-- Generated by org.testng.reporters.JUnitReportReporter -->
<testsuite hostname="Idas-MacBook-Air.local" name="se.nrm.dina.data.jpa.DinaDaoImplTest" tests="9" failures="0" timestamp="22 Jan 2016 19:48:20 GMT" time="0.680" errors="0">
  <testcase name="testDelete" time="0.029" classname="se.nrm.dina.data.jpa.DinaDaoImplTest"/>
  <testcase name="testFindById" time="0.039" classname="se.nrm.dina.data.jpa.DinaDaoImplTest"/>
  <testcase name="testCreate" time="0.010" classname="se.nrm.dina.data.jpa.DinaDaoImplTest"/>
  <testcase name="testUpdateByJPQL" time="0.008" classname="se.nrm.dina.data.jpa.DinaDaoImplTest"/>
  <testcase name="testFindByReference" time="0.014" classname="se.nrm.dina.data.jpa.DinaDaoImplTest"/>
  <testcase name="testFindAll" time="0.532" classname="se.nrm.dina.data.jpa.DinaDaoImplTest"/>
  <testcase name="testFindAllWithConditions" time="0.029" classname="se.nrm.dina.data.jpa.DinaDaoImplTest"/>
  <testcase name="testMerge" time="0.006" classname="se.nrm.dina.data.jpa.DinaDaoImplTest"/>
  <testcase name="testGetEntityByJPQL" time="0.013" classname="se.nrm.dina.data.jpa.DinaDaoImplTest"/>
</testsuite> <!-- se.nrm.dina.data.jpa.DinaDaoImplTest -->
