<?xml version="1.0" encoding="UTF-8"?>
<!-- Generated by org.testng.reporters.JUnitReportReporter -->
<testsuite hostname="Idas-MacBook-Air.local" name="se.nrm.dina.data.jpa.DinaDaoImplTest" tests="32" failures="0" timestamp="2 Mar 2016 11:02:37 GMT" time="0.871" errors="0">
  <testcase name="testFindAllWithConditions2" time="0.010" classname="se.nrm.dina.data.jpa.DinaDaoImplTest"/>
  <testcase name="testFindById" time="0.035" classname="se.nrm.dina.data.jpa.DinaDaoImplTest"/>
  <testcase name="testMergeFailure1" time="0.019" classname="se.nrm.dina.data.jpa.DinaDaoImplTest"/>
  <testcase name="testFindByStringIdFailure" time="0.008" classname="se.nrm.dina.data.jpa.DinaDaoImplTest"/>
  <testcase name="testGetEntityByJPQL" time="0.004" classname="se.nrm.dina.data.jpa.DinaDaoImplTest"/>
  <testcase name="testFindByIdFailure" time="0.014" classname="se.nrm.dina.data.jpa.DinaDaoImplTest"/>
  <testcase name="testDeleteFailure2" time="0.003" classname="se.nrm.dina.data.jpa.DinaDaoImplTest"/>
  <testcase name="testGetEntityByJPQLFailure1" time="0.018" classname="se.nrm.dina.data.jpa.DinaDaoImplTest"/>
  <testcase name="testMergeFailure3" time="0.013" classname="se.nrm.dina.data.jpa.DinaDaoImplTest"/>
  <testcase name="testFindAllWithConditions1" time="0.049" classname="se.nrm.dina.data.jpa.DinaDaoImplTest"/>
  <testcase name="testFindAllWithConditionsException" time="0.075" classname="se.nrm.dina.data.jpa.DinaDaoImplTest"/>
  <testcase name="testFindByStringIdFailure2" time="0.003" classname="se.nrm.dina.data.jpa.DinaDaoImplTest"/>
  <testcase name="testGetEntityByJPQLFailure2" time="0.017" classname="se.nrm.dina.data.jpa.DinaDaoImplTest"/>
  <testcase name="testCreate" time="0.005" classname="se.nrm.dina.data.jpa.DinaDaoImplTest"/>
  <testcase name="testGetCountByQueryFailure" time="0.004" classname="se.nrm.dina.data.jpa.DinaDaoImplTest"/>
  <testcase name="testFindByIdForNoVisionEntities3" time="0.003" classname="se.nrm.dina.data.jpa.DinaDaoImplTest"/>
  <testcase name="testFindByIdFailure2" time="0.030" classname="se.nrm.dina.data.jpa.DinaDaoImplTest"/>
  <testcase name="testUpdateByJPQL" time="0.003" classname="se.nrm.dina.data.jpa.DinaDaoImplTest"/>
  <testcase name="testUpdateByJPQLFailure" time="0.004" classname="se.nrm.dina.data.jpa.DinaDaoImplTest"/>
  <testcase name="testDeleteFailure1" time="0.029" classname="se.nrm.dina.data.jpa.DinaDaoImplTest"/>
  <testcase name="testFindByIdForNoVisionEntities1" time="0.004" classname="se.nrm.dina.data.jpa.DinaDaoImplTest"/>
  <testcase name="testGetCountByQuery" time="0.004" classname="se.nrm.dina.data.jpa.DinaDaoImplTest"/>
  <testcase name="testFindByStringId" time="0.003" classname="se.nrm.dina.data.jpa.DinaDaoImplTest"/>
  <testcase name="testFindByIdForNoVisionEntities4" time="0.003" classname="se.nrm.dina.data.jpa.DinaDaoImplTest"/>
  <testcase name="testDinaDaoImplConstractor" time="0.406" classname="se.nrm.dina.data.jpa.DinaDaoImplTest"/>
  <testcase name="testFindByIdForNoVisionEntities" time="0.004" classname="se.nrm.dina.data.jpa.DinaDaoImplTest"/>
  <testcase name="testDelete" time="0.005" classname="se.nrm.dina.data.jpa.DinaDaoImplTest"/>
  <testcase name="testFindByReference" time="0.006" classname="se.nrm.dina.data.jpa.DinaDaoImplTest"/>
  <testcase name="testFindByIdForNoVisionEntities2" time="0.005" classname="se.nrm.dina.data.jpa.DinaDaoImplTest"/>
  <testcase name="testMerge" time="0.003" classname="se.nrm.dina.data.jpa.DinaDaoImplTest"/>
  <testcase name="testFindAll" time="0.070" classname="se.nrm.dina.data.jpa.DinaDaoImplTest"/>
  <testcase name="testFindByIdForNoVisionEntities5" time="0.012" classname="se.nrm.dina.data.jpa.DinaDaoImplTest"/>
</testsuite> <!-- se.nrm.dina.data.jpa.DinaDaoImplTest -->
