<?xml version="1.0" encoding="UTF-8"?>
<!-- Generated by org.testng.reporters.JUnitReportReporter -->
<testsuite hostname="Idas-MacBook-Air.local" name="se.nrm.dina.data.logic.DinaDataLogicNGTest" tests="8" failures="0" timestamp="23 Jan 2016 13:02:40 GMT" time="6.432" errors="0">
  <testcase name="testFindById" time="0.082" classname="se.nrm.dina.data.logic.DinaDataLogicNGTest"/>
  <testcase name="testFindAll_String" time="0.002" classname="se.nrm.dina.data.logic.DinaDataLogicNGTest"/>
  <testcase name="testCreateEntity" time="3.851" classname="se.nrm.dina.data.logic.DinaDataLogicNGTest"/>
  <testcase name="testDeleteEntity" time="0.006" classname="se.nrm.dina.data.logic.DinaDataLogicNGTest"/>
  <testcase name="testUpdateEntity" time="2.416" classname="se.nrm.dina.data.logic.DinaDataLogicNGTest"/>
  <testcase name="testFindEntityCount" time="0.002" classname="se.nrm.dina.data.logic.DinaDataLogicNGTest"/>
  <testcase name="testFindAll_7args" time="0.047" classname="se.nrm.dina.data.logic.DinaDataLogicNGTest"/>
  <testcase name="testFindAllBySearchCriteria" time="0.026" classname="se.nrm.dina.data.logic.DinaDataLogicNGTest"/>
</testsuite> <!-- se.nrm.dina.data.logic.DinaDataLogicNGTest -->
