<?xml version="1.0" encoding="UTF-8"?>
<!-- Generated by org.testng.reporters.JUnitReportReporter -->
<testsuite hostname="Idas-MacBook-Air.local" name="se.nrm.dina.datamodel.util.UtilNGTest" tests="2" failures="0" timestamp="23 Jan 2016 16:08:10 GMT" time="0.017" errors="0">
  <testcase name="testGetInstance" time="0.016" classname="se.nrm.dina.datamodel.util.UtilNGTest"/>
  <testcase name="testGetURLLink" time="0.001" classname="se.nrm.dina.datamodel.util.UtilNGTest"/>
</testsuite> <!-- se.nrm.dina.datamodel.util.UtilNGTest -->
