<?xml version="1.0" encoding="UTF-8"?>
<!-- Generated by org.testng.reporters.JUnitReportReporter -->
<testsuite hostname="Idas-MacBook-Air.local" name="se.nrm.dina.datamodel.util.UtilNGTest" tests="2" failures="0" timestamp="22 Jan 2016 17:56:46 GMT" time="0.012" errors="0">
  <testcase name="testGetInstance" time="0.011" classname="se.nrm.dina.datamodel.util.UtilNGTest"/>
  <testcase name="testGetURLLink" time="0.001" classname="se.nrm.dina.datamodel.util.UtilNGTest"/>
</testsuite> <!-- se.nrm.dina.datamodel.util.UtilNGTest -->
